2025-09-01 08:30:34,962 - INFO - Successfully connected to MongoDB
2025-09-01 08:30:34,999 - INFO - Processing 10,000 documents in batches of 100
2025-09-01 08:30:34,999 - INFO - Similarity threshold: 60.0%
2025-09-01 08:30:35,043 - INFO - Processing batch 1 (100 documents)
2025-09-01 08:30:38,064 - INFO - Processing batch 2 (100 documents)
2025-09-01 08:30:40,920 - INFO - Processing batch 3 (100 documents)
2025-09-01 08:30:43,829 - INFO - Processing batch 4 (100 documents)
2025-09-01 08:30:46,608 - INFO - Processing batch 5 (100 documents)
2025-09-01 08:30:49,419 - INFO - Processing batch 6 (100 documents)
2025-09-01 08:30:52,293 - INFO - Processing batch 7 (100 documents)
2025-09-01 08:30:55,104 - INFO - Processing batch 8 (100 documents)
2025-09-01 08:30:57,921 - INFO - Processing batch 9 (100 documents)
2025-09-01 08:31:00,757 - INFO - Processing batch 10 (100 documents)
2025-09-01 08:31:03,578 - INFO - Processing batch 11 (100 documents)
2025-09-01 08:31:06,330 - INFO - Processing batch 12 (100 documents)
2025-09-01 08:31:09,098 - INFO - Processing batch 13 (100 documents)
2025-09-01 08:31:11,852 - INFO - Processing batch 14 (100 documents)
2025-09-01 08:31:14,686 - INFO - Processing batch 15 (100 documents)
2025-09-01 08:31:17,439 - INFO - Processing batch 16 (100 documents)
2025-09-01 08:31:20,165 - INFO - Processing batch 17 (100 documents)
2025-09-01 08:31:22,920 - INFO - Processing batch 18 (100 documents)
2025-09-01 08:31:25,685 - INFO - Processing batch 19 (100 documents)
2025-09-01 08:31:28,509 - INFO - Processing batch 20 (100 documents)
2025-09-01 08:31:31,257 - INFO - Processing batch 21 (100 documents)
2025-09-01 08:31:34,036 - INFO - Processing batch 22 (100 documents)
2025-09-01 08:31:36,755 - INFO - Processing batch 23 (100 documents)
2025-09-01 08:31:39,554 - INFO - Processing batch 24 (100 documents)
2025-09-01 08:31:42,372 - INFO - Processing batch 25 (100 documents)
2025-09-01 08:31:45,243 - INFO - Processing batch 26 (100 documents)
2025-09-01 08:31:48,106 - INFO - Processing batch 27 (100 documents)
2025-09-01 08:31:50,893 - INFO - Processing batch 28 (100 documents)
2025-09-01 08:31:53,707 - INFO - Processing batch 29 (100 documents)
2025-09-01 08:31:56,424 - INFO - Processing batch 30 (100 documents)
2025-09-01 08:31:59,177 - INFO - Processing batch 31 (100 documents)
2025-09-01 08:32:02,005 - INFO - Processing batch 32 (100 documents)
2025-09-01 08:32:04,872 - INFO - Processing batch 33 (100 documents)
2025-09-01 08:32:07,710 - INFO - Processing batch 34 (100 documents)
2025-09-01 08:32:10,530 - INFO - Processing batch 35 (100 documents)
2025-09-01 08:32:13,257 - INFO - Processing batch 36 (100 documents)
2025-09-01 08:32:15,972 - INFO - Processing batch 37 (100 documents)
2025-09-01 08:32:18,709 - INFO - Processing batch 38 (100 documents)
2025-09-01 08:32:21,578 - INFO - Processing batch 39 (100 documents)
2025-09-01 08:32:24,454 - INFO - Processing batch 40 (100 documents)
2025-09-01 08:32:27,434 - INFO - Processing batch 41 (100 documents)
2025-09-01 08:32:30,280 - INFO - Processing batch 42 (100 documents)
2025-09-01 08:32:33,098 - INFO - Processing batch 43 (100 documents)
2025-09-01 08:32:35,871 - INFO - Processing batch 44 (100 documents)
2025-09-01 08:32:38,610 - INFO - Processing batch 45 (100 documents)
2025-09-01 08:32:41,369 - INFO - Processing batch 46 (100 documents)
2025-09-01 08:32:44,232 - INFO - Processing batch 47 (100 documents)
2025-09-01 08:32:47,069 - INFO - Processing batch 48 (100 documents)
2025-09-01 08:32:49,869 - INFO - Processing batch 49 (100 documents)
2025-09-01 08:32:52,632 - INFO - Processing batch 50 (100 documents)
2025-09-01 08:32:53,144 - INFO - Database connection closed
2025-09-01 08:33:13,737 - INFO - Successfully connected to MongoDB
2025-09-01 08:33:13,786 - INFO - Processing 10,000 documents in batches of 5000
2025-09-01 08:33:13,786 - INFO - Similarity threshold: 60.0%
2025-09-01 08:33:13,994 - INFO - Processing batch 1 (5000 documents)
2025-09-01 08:33:43,224 - INFO - Database connection closed
2025-09-01 08:34:39,004 - INFO - Successfully connected to MongoDB
2025-09-01 08:34:39,038 - INFO - Processing 10,000 documents in batches of 1000
2025-09-01 08:34:39,038 - INFO - Similarity threshold: 60.0%
2025-09-01 08:34:39,251 - INFO - Processing batch 1 (1000 documents)
2025-09-01 08:35:06,622 - INFO - Processing batch 2 (1000 documents)
2025-09-01 08:35:34,438 - INFO - Processing batch 3 (1000 documents)
2025-09-01 08:36:01,948 - INFO - Processing batch 4 (1000 documents)
2025-09-01 08:36:29,765 - INFO - Processing batch 5 (1000 documents)
2025-09-01 08:36:57,349 - INFO - Processing batch 6 (1000 documents)
2025-09-01 08:37:25,151 - INFO - Processing batch 7 (1000 documents)
2025-09-01 08:37:52,859 - INFO - Processing batch 8 (1000 documents)
2025-09-01 08:38:19,819 - INFO - Processing batch 9 (1000 documents)
2025-09-01 08:38:46,796 - INFO - Processing batch 10 (1000 documents)
2025-09-01 08:39:13,576 - INFO - ================================================================================
2025-09-01 08:39:13,577 - INFO - DEDUPLICATION REPORT
2025-09-01 08:39:13,579 - INFO - ================================================================================
2025-09-01 08:39:13,579 - INFO - Total documents processed: 10,000
2025-09-01 08:39:13,579 - INFO - Duplicate groups found: 0
2025-09-01 08:39:13,579 - INFO - Total duplicates: 0
2025-09-01 08:39:13,580 - INFO - Processing time: 274.54 seconds
2025-09-01 08:39:13,580 - INFO - Documents per second: 36.4
2025-09-01 08:39:13,608 - INFO - Database connection closed
